
> arvore@1.0.0 start
> live-server . --port=3000 --open=/index.html

[32mServing "." at http://127.0.0.1:3000[39m
node:events:497
      throw er; // Unhandled 'error' event
      ^

Error: spawn /app/node_modules/opn/xdg-open EACCES
    at ChildProcess._handle.onexit (node:internal/child_process:285:19)
    at onErrorNT (node:internal/child_process:483:16)
    at process.processTicksAndRejections (node:internal/process/task_queues:90:21)
Emitted 'error' event on ChildProcess instance at:
    at ChildProcess._handle.onexit (node:internal/child_process:291:12)
    at onErrorNT (node:internal/child_process:483:16)
    at process.processTicksAndRejections (node:internal/process/task_queues:90:21) {
  errno: -13,
  code: 'EACCES',
  syscall: 'spawn /app/node_modules/opn/xdg-open',
  path: '/app/node_modules/opn/xdg-open',
  spawnargs: [ 'http://127.0.0.1:3000/index.html' ]
}

Node.js v22.21.1
